2025-05-25 20:40:27 - INFO - åº”ç”¨åˆå§‹åŒ–å®Œæˆï¼Œæ‰€æœ‰å¿…è¦çš„ç›®å½•å·²åˆ›å»º
2025-05-25 20:40:27 - INFO - Adding job tentatively -- it will be properly scheduled when the scheduler starts
2025-05-25 20:40:27 - INFO - Added job "cleanup_expired_sessions" to job store "default"
2025-05-25 20:40:27 - INFO - Scheduler started
2025-05-25 20:40:27 - INFO - ä¼šè¯æ¸…ç†è°ƒåº¦å™¨å·²å¯åŠ¨
2025-05-25 20:40:27 - INFO - åº”ç”¨å·²å¯åŠ¨ï¼Œç›‘å¬ç«¯å£ 5000
2025-05-25 20:40:27 - WARNING -  * Debugger is active!
2025-05-25 20:40:27 - INFO -  * Debugger PIN: 119-251-558
2025-05-25 21:02:12 - INFO - åˆ›å»ºæ–°ä¼šè¯: bb1cb072-7db4-4b6c-bc78-8470a0e5b5f5
2025-05-25 21:02:17 - INFO - åˆ›å»ºæ–°ä¼šè¯: bb1cb072-7db4-4b6c-bc78-8470a0e5b5f5
2025-05-25 21:02:17 - INFO - 127.0.0.1 - - [25/May/2025 21:02:17] "POST /create-session HTTP/1.1" 200 -
2025-05-25 21:03:14 - INFO - å¼€å§‹ä¸Šä¼ å›¾åƒ - ä¼šè¯ID: bb1cb072-7db4-4b6c-bc78-8470a0e5b5f5, ç±»å‹: infrared
2025-05-25 21:03:14 - INFO - å›¾åƒä¸Šä¼ æˆåŠŸ - æ–‡ä»¶å: bb1cb072-7db4-4b6c-bc78-8470a0e5b5f5_infrared.jpg
2025-05-25 21:03:14 - INFO - 127.0.0.1 - - [25/May/2025 21:03:14] "POST /upload HTTP/1.1" 200 -
2025-05-25 21:03:15 - INFO - å¼€å§‹ä¸Šä¼ å›¾åƒ - ä¼šè¯ID: bb1cb072-7db4-4b6c-bc78-8470a0e5b5f5, ç±»å‹: thermal
2025-05-25 21:03:15 - INFO - å›¾åƒä¸Šä¼ æˆåŠŸ - æ–‡ä»¶å: bb1cb072-7db4-4b6c-bc78-8470a0e5b5f5_thermal.jpg
2025-05-25 21:03:15 - INFO - 127.0.0.1 - - [25/May/2025 21:03:15] "POST /upload HTTP/1.1" 200 -
2025-05-25 21:03:24 - INFO - å¼€å§‹å¤„ç†æµç¨‹
2025-05-25 21:03:25 - INFO - åˆå§‹åŒ–GPUç›‘æ§
2025-05-25 21:03:25 - INFO - NVIDIAé©±åŠ¨åˆå§‹åŒ–æˆåŠŸ
2025-05-25 21:03:25 - INFO - æ£€æµ‹åˆ° 1 ä¸ªGPUè®¾å¤‡
2025-05-25 21:03:25 - INFO - GPU 0: NVIDIA GeForce RTX 3060 Laptop GPU
2025-05-25 21:03:25 - INFO - GPU 0 å½“å‰åŠŸè€—: 9.81W
2025-05-25 21:03:25 - INFO - GPU 0 å†…å­˜ä½¿ç”¨: 486.89MB / 6144.00MB
2025-05-25 21:03:25 - INFO - ä¼šè¯ bb1cb072-7db4-4b6c-bc78-8470a0e5b5f5 çŠ¶æ€æ›´æ–°ä¸ºå¤„ç†ä¸­
2025-05-25 21:03:25 - INFO - å¼€å§‹å»é›¾å¤„ç†
2025-05-25 21:03:25 - INFO - è¾“å…¥å›¾åƒæ ¼å¼: 1920x1080 (å®½xé«˜), é€šé“æ•°: 3
2025-05-25 21:03:27 - INFO - å»é›¾åå›¾åƒæ ¼å¼: 1920x1080 (å®½xé«˜), é€šé“æ•°: 3
2025-05-25 21:03:27 - INFO - å»é›¾å¤„ç†ç”¨æ—¶: 1.9851 ç§’
2025-05-25 21:03:27 - INFO - å¼€å§‹å›¾åƒèåˆ
2025-05-25 21:03:27 - INFO - çƒ­æˆåƒæ ¼å¼: 1920x1080 (å®½xé«˜), é€šé“æ•°: 3
2025-05-25 21:03:28 - INFO - èåˆåå›¾åƒæ ¼å¼: 1920x1080 (å®½xé«˜), é€šé“æ•°: 3
2025-05-25 21:03:28 - INFO - å›¾åƒèåˆç”¨æ—¶: 1.3605 ç§’
2025-05-25 21:03:28 - INFO - å»é›¾åˆ°èåˆçš„é—´éš”æ—¶é—´: 0.0381 ç§’
2025-05-25 21:03:28 - INFO - å¼€å§‹ç›®æ ‡æ£€æµ‹
2025-05-25 21:03:32 - INFO - æ£€æµ‹åå›¾åƒæ ¼å¼: 1920x1080 (å®½xé«˜), é€šé“æ•°: 3
2025-05-25 21:03:32 - INFO - ç›®æ ‡æ£€æµ‹ç”¨æ—¶: 3.3309 ç§’
2025-05-25 21:03:32 - INFO - èåˆåˆ°æ£€æµ‹çš„é—´éš”æ—¶é—´: 0.0326 ç§’
2025-05-25 21:03:33 - INFO - è®°å½•GPUç»“æŸçŠ¶æ€
2025-05-25 21:03:33 - INFO - GPU 0 ç»“æŸåŠŸè€—: 16.58W
2025-05-25 21:03:33 - INFO - GPU 0 ç»“æŸå†…å­˜: 2341.57MB / 6144.00MB
2025-05-25 21:03:33 - INFO - è®¡ç®—GPUèµ„æºä½¿ç”¨ç»Ÿè®¡
2025-05-25 21:03:33 - INFO - GPU 0 (NVIDIA GeForce RTX 3060 Laptop GPU) åŠŸè€—å˜åŒ–: 6.76W
2025-05-25 21:03:33 - INFO - GPU 0 (NVIDIA GeForce RTX 3060 Laptop GPU) å†…å­˜å˜åŒ–: 1854.68MB
2025-05-25 21:03:33 - INFO - å¤„ç†å®Œæˆï¼Œæ€»ç”¨æ—¶: 8.9624 ç§’
2025-05-25 21:03:33 - INFO - ä¼šè¯ bb1cb072-7db4-4b6c-bc78-8470a0e5b5f5 å¤„ç†å®Œæˆ
2025-05-25 21:03:33 - INFO - 127.0.0.1 - - [25/May/2025 21:03:33] "POST /process HTTP/1.1" 200 -
2025-05-25 21:03:35 - INFO - 127.0.0.1 - - [25/May/2025 21:03:35] "GET /get-processed-images?session_id=bb1cb072-7db4-4b6c-bc78-8470a0e5b5f5 HTTP/1.1" 200 -
2025-05-25 21:03:36 - INFO - 127.0.0.1 - - [25/May/2025 21:03:36] "GET /results/bb1cb072-7db4-4b6c-bc78-8470a0e5b5f5_fused_image.jpg HTTP/1.1" 200 -
2025-05-25 21:03:36 - INFO - 127.0.0.1 - - [25/May/2025 21:03:36] "GET /results/bb1cb072-7db4-4b6c-bc78-8470a0e5b5f5_dehazed_infrared.jpg HTTP/1.1" 200 -
2025-05-25 21:03:36 - INFO - 127.0.0.1 - - [25/May/2025 21:03:36] "GET /results/bb1cb072-7db4-4b6c-bc78-8470a0e5b5f5_detected_image.jpg HTTP/1.1" 200 -
2025-05-25 21:03:41 - INFO - 127.0.0.1 - - [25/May/2025 21:03:41] "[36mGET /results/bb1cb072-7db4-4b6c-bc78-8470a0e5b5f5_dehazed_infrared.jpg HTTP/1.1[0m" 304 -
2025-05-25 21:03:41 - INFO - 127.0.0.1 - - [25/May/2025 21:03:41] "[36mGET /results/bb1cb072-7db4-4b6c-bc78-8470a0e5b5f5_fused_image.jpg HTTP/1.1[0m" 304 -
2025-05-25 21:03:42 - INFO - 127.0.0.1 - - [25/May/2025 21:03:42] "[36mGET /results/bb1cb072-7db4-4b6c-bc78-8470a0e5b5f5_detected_image.jpg HTTP/1.1[0m" 304 -
2025-05-25 21:40:27 - INFO - Running job "cleanup_expired_sessions (trigger: interval[1:00:00], next run at: 2025-05-25 22:40:27 CST)" (scheduled at 2025-05-25 21:40:27.082615+08:00)
2025-05-25 21:40:27 - INFO - å¼€å§‹æ¸…ç†è¿‡æœŸä¼šè¯
2025-05-25 21:40:27 - INFO - Job "cleanup_expired_sessions (trigger: interval[1:00:00], next run at: 2025-05-25 22:40:27 CST)" executed successfully
